This is pdfTeX, Version 3.14159265-2.6-1.40.17 (TeX Live 2016/Arch Linux) (preloaded format=pdflatex 2016.9.16)  3 NOV 2016 13:22
entering extended mode
 restricted \write18 enabled.
 %&-line parsing enabled.
**11.3.md
(./11.3.md
LaTeX2e <2016/03/31> patch level 3
Babel <3.9r> and hyphenation patterns for 83 language(s) loaded.
! You can't use `macro parameter character #' in vertical mode.
l.1 #
      EE 461S Lecture -- 11.3.16
? 
! Emergency stop.
l.1 #
      EE 461S Lecture -- 11.3.16
End of file on the terminal!

 
Here is how much of TeX's memory you used:
 6 strings out of 493013
 127 string characters out of 6139317
 53632 words of memory out of 5000000
 3649 multiletter control sequences out of 15000+600000
 3640 words of font info for 14 fonts, out of 8000000 for 9000
 1141 hyphenation exceptions out of 8191
 5i,0n,1p,38b,8s stack positions out of 5000i,500n,10000p,200000b,80000s
!  ==> Fatal error occurred, no output PDF file produced!
